20:45:39 **** Clean-only build of configuration Debug for project AlgorithmC ****
rm -rf src/main.o src/binSearch.o AlgorithmC.exe src/main.d src/binSearch.d src/withString.o src/heapSort.o src/simple.o src/quickSort.d src/heapSort.d src/quickSort.o src/withString.d src/simple.d 
Cannot run program "rm": Launching failed

Error: Program "rm" not found in PATH
PATH=[C:\MinGW\bin;\bin;C:/JAVA/bin/server;C:/JAVA/bin;C:/JAVA/lib/amd64;E:\MySql\bin;C:\JAVA\bin;C:\JAVA\jre\bin;C:\WINDOWS\system32;C:\WINDOWS;C:\WINDOWS\System32\Wbem;C:\WINDOWS\System32\WindowsPowerShell\v1.0\;C:\Program Files (x86)\EmEditor;C:\MinGW\bin;E:\Program Files\eclipse-cpp-luna-SR2-win32-x86_64\eclipse]

20:45:39 **** Clean-only build of configuration Debug for project AlgorithmC ****
20:45:41 **** Rebuild of configuration Debug for project AlgorithmC ****
Info: Internal Builder is used for build
gcc -O0 -g3 -Wall -c -fmessage-length=0 -o "src\\withString.o" "..\\src\\withString.c" 
gcc -O0 -g3 -Wall -c -fmessage-length=0 -o "src\\simple.o" "..\\src\\simple.c" 
gcc -O0 -g3 -Wall -c -fmessage-length=0 -o "src\\heapSort.o" "..\\src\\heapSort.c" 
gcc -O0 -g3 -Wall -c -fmessage-length=0 -o "src\\quickSort.o" "..\\src\\quickSort.c" 
gcc -O0 -g3 -Wall -c -fmessage-length=0 -o "src\\binSearch.o" "..\\src\\binSearch.c" 
gcc -O0 -g3 -Wall -c -fmessage-length=0 -o "src\\main.o" "..\\src\\main.c" 
gcc -o AlgorithmC.exe "src\\withString.o" "src\\simple.o" "src\\quickSort.o" "src\\main.o" "src\\heapSort.o" "src\\binSearch.o" 
Info: Nothing to build for AlgorithmC
20:46:43 **** Incremental Build of configuration Debug for project AlgorithmC ****
Info: Internal Builder is used for build
gcc -O0 -g3 -Wall -c -fmessage-length=0 -o "src\\main.o" "..\\src\\main.c" 
gcc -o AlgorithmC.exe "src\\withString.o" "src\\simple.o" "src\\quickSort.o" "src\\main.o" "src\\heapSort.o" "src\\binSearch.o" 
Info: Nothing to build for AlgorithmC
20:50:53 **** Incremental Build of configuration Debug for project AlgorithmC ****
Info: Internal Builder is used for build
gcc -O0 -g3 -Wall -c -fmessage-length=0 -o "src\\withString.o" "..\\src\\withString.c" 
gcc -o AlgorithmC.exe "src\\withString.o" "src\\simple.o" "src\\quickSort.o" "src\\main.o" "src\\heapSort.o" "src\\binSearch.o" 
Info: Nothing to build for AlgorithmC
20:53:12 **** Incremental Build of configuration Debug for project AlgorithmC ****
Info: Internal Builder is used for build
gcc -O0 -g3 -Wall -c -fmessage-length=0 -o "src\\withString.o" "..\\src\\withString.c" 
gcc -o AlgorithmC.exe "src\\withString.o" "src\\simple.o" "src\\quickSort.o" "src\\main.o" "src\\heapSort.o" "src\\binSearch.o" 
Info: Nothing to build for AlgorithmC
Info: Nothing to build for AlgorithmC
Info: Nothing to build for AlgorithmC
20:54:06 **** Incremental Build of configuration Debug for project AlgorithmC ****
Info: Internal Builder is used for build
gcc -O0 -g3 -Wall -c -fmessage-length=0 -o "src\\main.o" "..\\src\\main.c" 
gcc -o AlgorithmC.exe "src\\withString.o" "src\\simple.o" "src\\quickSort.o" "src\\main.o" "src\\heapSort.o" "src\\binSearch.o" 
Info: Nothing to build for AlgorithmC
20:59:42 **** Incremental Build of configuration Debug for project AlgorithmC ****
Info: Internal Builder is used for build
gcc -O0 -g3 -Wall -c -fmessage-length=0 -o "src\\withString.o" "..\\src\\withString.c" 
..\src\withString.c: In function `searchSubstr':
..\src\withString.c:69: warning: unused variable `count'
..\src\withString.c:70: warning: unused variable `ptr'
..\src\withString.c:77: warning: control reaches end of non-void function
gcc -o AlgorithmC.exe "src\\withString.o" "src\\simple.o" "src\\quickSort.o" "src\\main.o" "src\\heapSort.o" "src\\binSearch.o" 
21:08:15 **** Incremental Build of configuration Debug for project AlgorithmC ****
Info: Internal Builder is used for build
gcc -O0 -g3 -Wall -c -fmessage-length=0 -o "src\\withString.o" "..\\src\\withString.c" 
..\src\withString.c: In function `searchSubstr':
..\src\withString.c:86: warning: control reaches end of non-void function
gcc -o AlgorithmC.exe "src\\withString.o" "src\\simple.o" "src\\quickSort.o" "src\\main.o" "src\\heapSort.o" "src\\binSearch.o" 
21:08:26 **** Incremental Build of configuration Debug for project AlgorithmC ****
Info: Internal Builder is used for build
gcc -O0 -g3 -Wall -c -fmessage-length=0 -o "src\\withString.o" "..\\src\\withString.c" 
gcc -o AlgorithmC.exe "src\\withString.o" "src\\simple.o" "src\\quickSort.o" "src\\main.o" "src\\heapSort.o" "src\\binSearch.o" 
Info: Nothing to build for AlgorithmC
Info: Nothing to build for AlgorithmC
21:09:55 **** Incremental Build of configuration Debug for project AlgorithmC ****
Info: Internal Builder is used for build
gcc -O0 -g3 -Wall -c -fmessage-length=0 -o "src\\main.o" "..\\src\\main.c" 
gcc -o AlgorithmC.exe "src\\withString.o" "src\\simple.o" "src\\quickSort.o" "src\\main.o" "src\\heapSort.o" "src\\binSearch.o" 
Info: Nothing to build for AlgorithmC
21:10:58 **** Incremental Build of configuration Debug for project AlgorithmC ****
Info: Internal Builder is used for build
gcc -O0 -g3 -Wall -c -fmessage-length=0 -o "src\\withString.o" "..\\src\\withString.c" 
..\src\withString.c: In function `searchSubstr':
..\src\withString.c:78: error: syntax error before '}' token
21:11:02 **** Incremental Build of configuration Debug for project AlgorithmC ****
Info: Internal Builder is used for build
gcc -O0 -g3 -Wall -c -fmessage-length=0 -o "src\\withString.o" "..\\src\\withString.c" 
gcc -o AlgorithmC.exe "src\\withString.o" "src\\simple.o" "src\\quickSort.o" "src\\main.o" "src\\heapSort.o" "src\\binSearch.o" 
Info: Nothing to build for AlgorithmC
21:11:25 **** Incremental Build of configuration Debug for project AlgorithmC ****
Info: Internal Builder is used for build
gcc -O0 -g3 -Wall -c -fmessage-length=0 -o "src\\withString.o" "..\\src\\withString.c" 
gcc -o AlgorithmC.exe "src\\withString.o" "src\\simple.o" "src\\quickSort.o" "src\\main.o" "src\\heapSort.o" "src\\binSearch.o" 
21:11:29 **** Incremental Build of configuration Debug for project AlgorithmC ****
Info: Internal Builder is used for build
gcc -O0 -g3 -Wall -c -fmessage-length=0 -o "src\\withString.o" "..\\src\\withString.c" 
gcc -o AlgorithmC.exe "src\\withString.o" "src\\simple.o" "src\\quickSort.o" "src\\main.o" "src\\heapSort.o" "src\\binSearch.o" 
Info: Nothing to build for AlgorithmC
21:12:00 **** Incremental Build of configuration Debug for project AlgorithmC ****
Info: Internal Builder is used for build
gcc -O0 -g3 -Wall -c -fmessage-length=0 -o "src\\withString.o" "..\\src\\withString.c" 
gcc -O0 -g3 -Wall -c -fmessage-length=0 -o "src\\main.o" "..\\src\\main.c" 
gcc -o AlgorithmC.exe "src\\withString.o" "src\\simple.o" "src\\quickSort.o" "src\\main.o" "src\\heapSort.o" "src\\binSearch.o" 
21:12:06 **** Incremental Build of configuration Debug for project AlgorithmC ****
Info: Internal Builder is used for build
gcc -O0 -g3 -Wall -c -fmessage-length=0 -o "src\\main.o" "..\\src\\main.c" 
gcc -o AlgorithmC.exe "src\\withString.o" "src\\simple.o" "src\\quickSort.o" "src\\main.o" "src\\heapSort.o" "src\\binSearch.o" 
Info: Nothing to build for AlgorithmC
21:12:13 **** Incremental Build of configuration Debug for project AlgorithmC ****
Info: Internal Builder is used for build
gcc -O0 -g3 -Wall -c -fmessage-length=0 -o "src\\main.o" "..\\src\\main.c" 
gcc -o AlgorithmC.exe "src\\withString.o" "src\\simple.o" "src\\quickSort.o" "src\\main.o" "src\\heapSort.o" "src\\binSearch.o" 
Info: Nothing to build for AlgorithmC
21:12:18 **** Incremental Build of configuration Debug for project AlgorithmC ****
Info: Internal Builder is used for build
gcc -O0 -g3 -Wall -c -fmessage-length=0 -o "src\\main.o" "..\\src\\main.c" 
gcc -o AlgorithmC.exe "src\\withString.o" "src\\simple.o" "src\\quickSort.o" "src\\main.o" "src\\heapSort.o" "src\\binSearch.o" 
Info: Nothing to build for AlgorithmC
21:13:13 **** Incremental Build of configuration Debug for project AlgorithmC ****
Info: Internal Builder is used for build
gcc -O0 -g3 -Wall -c -fmessage-length=0 -o "src\\withString.o" "..\\src\\withString.c" 
gcc -O0 -g3 -Wall -c -fmessage-length=0 -o "src\\main.o" "..\\src\\main.c" 
gcc -o AlgorithmC.exe "src\\withString.o" "src\\simple.o" "src\\quickSort.o" "src\\main.o" "src\\heapSort.o" "src\\binSearch.o" 
Info: Nothing to build for AlgorithmC
21:13:24 **** Incremental Build of configuration Debug for project AlgorithmC ****
Info: Internal Builder is used for build
gcc -O0 -g3 -Wall -c -fmessage-length=0 -o "src\\withString.o" "..\\src\\withString.c" 
gcc -o AlgorithmC.exe "src\\withString.o" "src\\simple.o" "src\\quickSort.o" "src\\main.o" "src\\heapSort.o" "src\\binSearch.o" 
Info: Nothing to build for AlgorithmC
21:13:58 **** Incremental Build of configuration Debug for project AlgorithmC ****
Info: Internal Builder is used for build
gcc -O0 -g3 -Wall -c -fmessage-length=0 -o "src\\withString.o" "..\\src\\withString.c" 
gcc -o AlgorithmC.exe "src\\withString.o" "src\\simple.o" "src\\quickSort.o" "src\\main.o" "src\\heapSort.o" "src\\binSearch.o" 
Info: Nothing to build for AlgorithmC
Info: Nothing to build for AlgorithmC
21:14:45 **** Incremental Build of configuration Debug for project AlgorithmC ****
Info: Internal Builder is used for build
gcc -O0 -g3 -Wall -c -fmessage-length=0 -o "src\\main.o" "..\\src\\main.c" 
gcc -O0 -g3 -Wall -c -fmessage-length=0 -o "src\\withString.o" "..\\src\\withString.c" 
gcc -o AlgorithmC.exe "src\\withString.o" "src\\simple.o" "src\\quickSort.o" "src\\main.o" "src\\heapSort.o" "src\\binSearch.o" 
21:14:48 **** Incremental Build of configuration Debug for project AlgorithmC ****
Info: Internal Builder is used for build
gcc -O0 -g3 -Wall -c -fmessage-length=0 -o "src\\main.o" "..\\src\\main.c" 
gcc -o AlgorithmC.exe "src\\withString.o" "src\\simple.o" "src\\quickSort.o" "src\\main.o" "src\\heapSort.o" "src\\binSearch.o" 
Info: Nothing to build for AlgorithmC
21:14:53 **** Incremental Build of configuration Debug for project AlgorithmC ****
Info: Internal Builder is used for build
gcc -O0 -g3 -Wall -c -fmessage-length=0 -o "src\\main.o" "..\\src\\main.c" 
gcc -o AlgorithmC.exe "src\\withString.o" "src\\simple.o" "src\\quickSort.o" "src\\main.o" "src\\heapSort.o" "src\\binSearch.o" 
Info: Nothing to build for AlgorithmC
21:15:13 **** Incremental Build of configuration Debug for project AlgorithmC ****
Info: Internal Builder is used for build
gcc -O0 -g3 -Wall -c -fmessage-length=0 -o "src\\main.o" "..\\src\\main.c" 
gcc -o AlgorithmC.exe "src\\withString.o" "src\\simple.o" "src\\quickSort.o" "src\\main.o" "src\\heapSort.o" "src\\binSearch.o" 
